
*** Running vivado
    with args -log MAC_PalingSerius.vds -m64 -product Vivado -mode batch -messageDb vivado.pb -notrace -source MAC_PalingSerius.tcl


****** Vivado v2019.1 (64-bit)
  **** SW Build 2552052 on Fri May 24 14:49:42 MDT 2019
  **** IP Build 2548770 on Fri May 24 18:01:18 MDT 2019
    ** Copyright 1986-2019 Xilinx, Inc. All Rights Reserved.

source MAC_PalingSerius.tcl -notrace
INFO: [IP_Flow 19-234] Refreshing IP repositories
INFO: [IP_Flow 19-1700] Loaded user IP repository 'd:/virtex/fpga/mac_serius'.
INFO: [IP_Flow 19-2313] Loaded Vivado IP repository 'C:/Xilinx/Vivado/2019.1/data/ip'.
Command: synth_design -top MAC_PalingSerius -part xc7z020clg400-1
Starting synth_design
Attempting to get a license for feature 'Synthesis' and/or device 'xc7z020'
INFO: [Common 17-349] Got license for feature 'Synthesis' and/or device 'xc7z020'
INFO: Launching helper process for spawning children vivado processes
INFO: Helper process launched with PID 10964 
WARNING: [Synth 8-6901] identifier 'txState' is used before its declaration [D:/Virtex/FPGA/MAC_Serius/MAC_Serius.srcs/sources_1/new/MAC_TOP.v:324]
WARNING: [Synth 8-6901] identifier 'finish' is used before its declaration [D:/Virtex/FPGA/MAC_Serius/MAC_Serius.srcs/sources_1/new/MAC_TOP.v:324]
---------------------------------------------------------------------------------
Starting Synthesize : Time (s): cpu = 00:00:02 ; elapsed = 00:00:03 . Memory (MB): peak = 525.992 ; gain = 191.574
---------------------------------------------------------------------------------
INFO: [Synth 8-6157] synthesizing module 'MAC_PalingSerius' [D:/Virtex/FPGA/MAC_Serius/MAC_Serius.srcs/sources_1/new/MAC_TOP.v:5]
	Parameter OPT_READ_SIDEEFFECTS bound to: 1'b1 
	Parameter C_S_AXI_DATA_WIDTH bound to: 32 - type: integer 
	Parameter C_S_AXI_ADDR_WIDTH bound to: 12 - type: integer 
	Parameter ADDR_LSB bound to: 2 - type: integer 
	Parameter AW bound to: 10 - type: integer 
	Parameter DW bound to: 32 - type: integer 
	Parameter MW bound to: 1024 - type: integer 
	Parameter idle bound to: 3'b000 
	Parameter start bound to: 3'b001 
	Parameter crc bound to: 3'b010 
	Parameter transfer bound to: 3'b011 
	Parameter finish bound to: 3'b111 
	Parameter txHL bound to: 11'b00000000100 
INFO: [Synth 8-226] default block is never used [D:/Virtex/FPGA/MAC_Serius/MAC_Serius.srcs/sources_1/new/MAC_TOP.v:471]
INFO: [Synth 8-6157] synthesizing module 'crc16' [D:/Virtex/FPGA/MAC_Serius/MAC_Serius.srcs/sources_1/imports/new/crc16.v:23]
INFO: [Synth 8-3876] $readmem data file './crc_tab.mem' is read successfully [D:/Virtex/FPGA/MAC_Serius/MAC_Serius.srcs/sources_1/imports/new/crc16.v:38]
INFO: [Synth 8-6155] done synthesizing module 'crc16' (1#1) [D:/Virtex/FPGA/MAC_Serius/MAC_Serius.srcs/sources_1/imports/new/crc16.v:23]
WARNING: [Synth 8-6014] Unused sequential element txi_reg was removed.  [D:/Virtex/FPGA/MAC_Serius/MAC_Serius.srcs/sources_1/new/MAC_TOP.v:403]
WARNING: [Synth 8-6014] Unused sequential element txCRCresult_reg was removed.  [D:/Virtex/FPGA/MAC_Serius/MAC_Serius.srcs/sources_1/new/MAC_TOP.v:437]
WARNING: [Synth 8-3848] Net txBuff[5] in module/entity MAC_PalingSerius does not have driver. [D:/Virtex/FPGA/MAC_Serius/MAC_Serius.srcs/sources_1/new/MAC_TOP.v:290]
WARNING: [Synth 8-3848] Net txBuff[6] in module/entity MAC_PalingSerius does not have driver. [D:/Virtex/FPGA/MAC_Serius/MAC_Serius.srcs/sources_1/new/MAC_TOP.v:290]
WARNING: [Synth 8-3848] Net txBuff[7] in module/entity MAC_PalingSerius does not have driver. [D:/Virtex/FPGA/MAC_Serius/MAC_Serius.srcs/sources_1/new/MAC_TOP.v:290]
WARNING: [Synth 8-3848] Net txBuff[9] in module/entity MAC_PalingSerius does not have driver. [D:/Virtex/FPGA/MAC_Serius/MAC_Serius.srcs/sources_1/new/MAC_TOP.v:290]
WARNING: [Synth 8-3848] Net txBuff[10] in module/entity MAC_PalingSerius does not have driver. [D:/Virtex/FPGA/MAC_Serius/MAC_Serius.srcs/sources_1/new/MAC_TOP.v:290]
WARNING: [Synth 8-3848] Net txBuff[11] in module/entity MAC_PalingSerius does not have driver. [D:/Virtex/FPGA/MAC_Serius/MAC_Serius.srcs/sources_1/new/MAC_TOP.v:290]
WARNING: [Synth 8-3848] Net txBuff[13] in module/entity MAC_PalingSerius does not have driver. [D:/Virtex/FPGA/MAC_Serius/MAC_Serius.srcs/sources_1/new/MAC_TOP.v:290]
WARNING: [Synth 8-3848] Net txBuff[14] in module/entity MAC_PalingSerius does not have driver. [D:/Virtex/FPGA/MAC_Serius/MAC_Serius.srcs/sources_1/new/MAC_TOP.v:290]
WARNING: [Synth 8-3848] Net txBuff[15] in module/entity MAC_PalingSerius does not have driver. [D:/Virtex/FPGA/MAC_Serius/MAC_Serius.srcs/sources_1/new/MAC_TOP.v:290]
WARNING: [Synth 8-3848] Net txBuff[17] in module/entity MAC_PalingSerius does not have driver. [D:/Virtex/FPGA/MAC_Serius/MAC_Serius.srcs/sources_1/new/MAC_TOP.v:290]
WARNING: [Synth 8-3848] Net txBuff[18] in module/entity MAC_PalingSerius does not have driver. [D:/Virtex/FPGA/MAC_Serius/MAC_Serius.srcs/sources_1/new/MAC_TOP.v:290]
WARNING: [Synth 8-3848] Net txBuff[19] in module/entity MAC_PalingSerius does not have driver. [D:/Virtex/FPGA/MAC_Serius/MAC_Serius.srcs/sources_1/new/MAC_TOP.v:290]
WARNING: [Synth 8-3848] Net txBuff[21] in module/entity MAC_PalingSerius does not have driver. [D:/Virtex/FPGA/MAC_Serius/MAC_Serius.srcs/sources_1/new/MAC_TOP.v:290]
WARNING: [Synth 8-3848] Net txBuff[22] in module/entity MAC_PalingSerius does not have driver. [D:/Virtex/FPGA/MAC_Serius/MAC_Serius.srcs/sources_1/new/MAC_TOP.v:290]
WARNING: [Synth 8-3848] Net txBuff[23] in module/entity MAC_PalingSerius does not have driver. [D:/Virtex/FPGA/MAC_Serius/MAC_Serius.srcs/sources_1/new/MAC_TOP.v:290]
WARNING: [Synth 8-3848] Net txBuff[25] in module/entity MAC_PalingSerius does not have driver. [D:/Virtex/FPGA/MAC_Serius/MAC_Serius.srcs/sources_1/new/MAC_TOP.v:290]
WARNING: [Synth 8-3848] Net txBuff[26] in module/entity MAC_PalingSerius does not have driver. [D:/Virtex/FPGA/MAC_Serius/MAC_Serius.srcs/sources_1/new/MAC_TOP.v:290]
WARNING: [Synth 8-3848] Net txBuff[27] in module/entity MAC_PalingSerius does not have driver. [D:/Virtex/FPGA/MAC_Serius/MAC_Serius.srcs/sources_1/new/MAC_TOP.v:290]
WARNING: [Synth 8-3848] Net txBuff[29] in module/entity MAC_PalingSerius does not have driver. [D:/Virtex/FPGA/MAC_Serius/MAC_Serius.srcs/sources_1/new/MAC_TOP.v:290]
WARNING: [Synth 8-3848] Net txBuff[30] in module/entity MAC_PalingSerius does not have driver. [D:/Virtex/FPGA/MAC_Serius/MAC_Serius.srcs/sources_1/new/MAC_TOP.v:290]
WARNING: [Synth 8-3848] Net txBuff[31] in module/entity MAC_PalingSerius does not have driver. [D:/Virtex/FPGA/MAC_Serius/MAC_Serius.srcs/sources_1/new/MAC_TOP.v:290]
WARNING: [Synth 8-3848] Net txBuff[33] in module/entity MAC_PalingSerius does not have driver. [D:/Virtex/FPGA/MAC_Serius/MAC_Serius.srcs/sources_1/new/MAC_TOP.v:290]
WARNING: [Synth 8-3848] Net txBuff[34] in module/entity MAC_PalingSerius does not have driver. [D:/Virtex/FPGA/MAC_Serius/MAC_Serius.srcs/sources_1/new/MAC_TOP.v:290]
WARNING: [Synth 8-3848] Net txBuff[35] in module/entity MAC_PalingSerius does not have driver. [D:/Virtex/FPGA/MAC_Serius/MAC_Serius.srcs/sources_1/new/MAC_TOP.v:290]
WARNING: [Synth 8-3848] Net txBuff[37] in module/entity MAC_PalingSerius does not have driver. [D:/Virtex/FPGA/MAC_Serius/MAC_Serius.srcs/sources_1/new/MAC_TOP.v:290]
WARNING: [Synth 8-3848] Net txBuff[38] in module/entity MAC_PalingSerius does not have driver. [D:/Virtex/FPGA/MAC_Serius/MAC_Serius.srcs/sources_1/new/MAC_TOP.v:290]
WARNING: [Synth 8-3848] Net txBuff[39] in module/entity MAC_PalingSerius does not have driver. [D:/Virtex/FPGA/MAC_Serius/MAC_Serius.srcs/sources_1/new/MAC_TOP.v:290]
WARNING: [Synth 8-3848] Net txBuff[41] in module/entity MAC_PalingSerius does not have driver. [D:/Virtex/FPGA/MAC_Serius/MAC_Serius.srcs/sources_1/new/MAC_TOP.v:290]
WARNING: [Synth 8-3848] Net txBuff[42] in module/entity MAC_PalingSerius does not have driver. [D:/Virtex/FPGA/MAC_Serius/MAC_Serius.srcs/sources_1/new/MAC_TOP.v:290]
WARNING: [Synth 8-3848] Net txBuff[43] in module/entity MAC_PalingSerius does not have driver. [D:/Virtex/FPGA/MAC_Serius/MAC_Serius.srcs/sources_1/new/MAC_TOP.v:290]
WARNING: [Synth 8-3848] Net txBuff[45] in module/entity MAC_PalingSerius does not have driver. [D:/Virtex/FPGA/MAC_Serius/MAC_Serius.srcs/sources_1/new/MAC_TOP.v:290]
WARNING: [Synth 8-3848] Net txBuff[46] in module/entity MAC_PalingSerius does not have driver. [D:/Virtex/FPGA/MAC_Serius/MAC_Serius.srcs/sources_1/new/MAC_TOP.v:290]
WARNING: [Synth 8-3848] Net txBuff[47] in module/entity MAC_PalingSerius does not have driver. [D:/Virtex/FPGA/MAC_Serius/MAC_Serius.srcs/sources_1/new/MAC_TOP.v:290]
WARNING: [Synth 8-3848] Net txBuff[49] in module/entity MAC_PalingSerius does not have driver. [D:/Virtex/FPGA/MAC_Serius/MAC_Serius.srcs/sources_1/new/MAC_TOP.v:290]
WARNING: [Synth 8-3848] Net txBuff[50] in module/entity MAC_PalingSerius does not have driver. [D:/Virtex/FPGA/MAC_Serius/MAC_Serius.srcs/sources_1/new/MAC_TOP.v:290]
WARNING: [Synth 8-3848] Net txBuff[51] in module/entity MAC_PalingSerius does not have driver. [D:/Virtex/FPGA/MAC_Serius/MAC_Serius.srcs/sources_1/new/MAC_TOP.v:290]
WARNING: [Synth 8-3848] Net txBuff[53] in module/entity MAC_PalingSerius does not have driver. [D:/Virtex/FPGA/MAC_Serius/MAC_Serius.srcs/sources_1/new/MAC_TOP.v:290]
WARNING: [Synth 8-3848] Net txBuff[54] in module/entity MAC_PalingSerius does not have driver. [D:/Virtex/FPGA/MAC_Serius/MAC_Serius.srcs/sources_1/new/MAC_TOP.v:290]
WARNING: [Synth 8-3848] Net txBuff[55] in module/entity MAC_PalingSerius does not have driver. [D:/Virtex/FPGA/MAC_Serius/MAC_Serius.srcs/sources_1/new/MAC_TOP.v:290]
WARNING: [Synth 8-3848] Net txBuff[57] in module/entity MAC_PalingSerius does not have driver. [D:/Virtex/FPGA/MAC_Serius/MAC_Serius.srcs/sources_1/new/MAC_TOP.v:290]
WARNING: [Synth 8-3848] Net txBuff[58] in module/entity MAC_PalingSerius does not have driver. [D:/Virtex/FPGA/MAC_Serius/MAC_Serius.srcs/sources_1/new/MAC_TOP.v:290]
WARNING: [Synth 8-3848] Net txBuff[59] in module/entity MAC_PalingSerius does not have driver. [D:/Virtex/FPGA/MAC_Serius/MAC_Serius.srcs/sources_1/new/MAC_TOP.v:290]
WARNING: [Synth 8-3848] Net txBuff[61] in module/entity MAC_PalingSerius does not have driver. [D:/Virtex/FPGA/MAC_Serius/MAC_Serius.srcs/sources_1/new/MAC_TOP.v:290]
WARNING: [Synth 8-3848] Net txBuff[62] in module/entity MAC_PalingSerius does not have driver. [D:/Virtex/FPGA/MAC_Serius/MAC_Serius.srcs/sources_1/new/MAC_TOP.v:290]
WARNING: [Synth 8-3848] Net txBuff[63] in module/entity MAC_PalingSerius does not have driver. [D:/Virtex/FPGA/MAC_Serius/MAC_Serius.srcs/sources_1/new/MAC_TOP.v:290]
WARNING: [Synth 8-3848] Net txBuff[65] in module/entity MAC_PalingSerius does not have driver. [D:/Virtex/FPGA/MAC_Serius/MAC_Serius.srcs/sources_1/new/MAC_TOP.v:290]
WARNING: [Synth 8-3848] Net txBuff[66] in module/entity MAC_PalingSerius does not have driver. [D:/Virtex/FPGA/MAC_Serius/MAC_Serius.srcs/sources_1/new/MAC_TOP.v:290]
WARNING: [Synth 8-3848] Net txBuff[67] in module/entity MAC_PalingSerius does not have driver. [D:/Virtex/FPGA/MAC_Serius/MAC_Serius.srcs/sources_1/new/MAC_TOP.v:290]
WARNING: [Synth 8-3848] Net txBuff[69] in module/entity MAC_PalingSerius does not have driver. [D:/Virtex/FPGA/MAC_Serius/MAC_Serius.srcs/sources_1/new/MAC_TOP.v:290]
WARNING: [Synth 8-3848] Net txBuff[70] in module/entity MAC_PalingSerius does not have driver. [D:/Virtex/FPGA/MAC_Serius/MAC_Serius.srcs/sources_1/new/MAC_TOP.v:290]
WARNING: [Synth 8-3848] Net txBuff[71] in module/entity MAC_PalingSerius does not have driver. [D:/Virtex/FPGA/MAC_Serius/MAC_Serius.srcs/sources_1/new/MAC_TOP.v:290]
WARNING: [Synth 8-3848] Net txBuff[73] in module/entity MAC_PalingSerius does not have driver. [D:/Virtex/FPGA/MAC_Serius/MAC_Serius.srcs/sources_1/new/MAC_TOP.v:290]
WARNING: [Synth 8-3848] Net txBuff[74] in module/entity MAC_PalingSerius does not have driver. [D:/Virtex/FPGA/MAC_Serius/MAC_Serius.srcs/sources_1/new/MAC_TOP.v:290]
WARNING: [Synth 8-3848] Net txBuff[75] in module/entity MAC_PalingSerius does not have driver. [D:/Virtex/FPGA/MAC_Serius/MAC_Serius.srcs/sources_1/new/MAC_TOP.v:290]
WARNING: [Synth 8-3848] Net txBuff[77] in module/entity MAC_PalingSerius does not have driver. [D:/Virtex/FPGA/MAC_Serius/MAC_Serius.srcs/sources_1/new/MAC_TOP.v:290]
WARNING: [Synth 8-3848] Net txBuff[78] in module/entity MAC_PalingSerius does not have driver. [D:/Virtex/FPGA/MAC_Serius/MAC_Serius.srcs/sources_1/new/MAC_TOP.v:290]
WARNING: [Synth 8-3848] Net txBuff[79] in module/entity MAC_PalingSerius does not have driver. [D:/Virtex/FPGA/MAC_Serius/MAC_Serius.srcs/sources_1/new/MAC_TOP.v:290]
WARNING: [Synth 8-3848] Net txBuff[81] in module/entity MAC_PalingSerius does not have driver. [D:/Virtex/FPGA/MAC_Serius/MAC_Serius.srcs/sources_1/new/MAC_TOP.v:290]
WARNING: [Synth 8-3848] Net txBuff[82] in module/entity MAC_PalingSerius does not have driver. [D:/Virtex/FPGA/MAC_Serius/MAC_Serius.srcs/sources_1/new/MAC_TOP.v:290]
WARNING: [Synth 8-3848] Net txBuff[83] in module/entity MAC_PalingSerius does not have driver. [D:/Virtex/FPGA/MAC_Serius/MAC_Serius.srcs/sources_1/new/MAC_TOP.v:290]
WARNING: [Synth 8-3848] Net txBuff[85] in module/entity MAC_PalingSerius does not have driver. [D:/Virtex/FPGA/MAC_Serius/MAC_Serius.srcs/sources_1/new/MAC_TOP.v:290]
WARNING: [Synth 8-3848] Net txBuff[86] in module/entity MAC_PalingSerius does not have driver. [D:/Virtex/FPGA/MAC_Serius/MAC_Serius.srcs/sources_1/new/MAC_TOP.v:290]
WARNING: [Synth 8-3848] Net txBuff[87] in module/entity MAC_PalingSerius does not have driver. [D:/Virtex/FPGA/MAC_Serius/MAC_Serius.srcs/sources_1/new/MAC_TOP.v:290]
WARNING: [Synth 8-3848] Net txBuff[89] in module/entity MAC_PalingSerius does not have driver. [D:/Virtex/FPGA/MAC_Serius/MAC_Serius.srcs/sources_1/new/MAC_TOP.v:290]
WARNING: [Synth 8-3848] Net txBuff[90] in module/entity MAC_PalingSerius does not have driver. [D:/Virtex/FPGA/MAC_Serius/MAC_Serius.srcs/sources_1/new/MAC_TOP.v:290]
WARNING: [Synth 8-3848] Net txBuff[91] in module/entity MAC_PalingSerius does not have driver. [D:/Virtex/FPGA/MAC_Serius/MAC_Serius.srcs/sources_1/new/MAC_TOP.v:290]
WARNING: [Synth 8-3848] Net txBuff[93] in module/entity MAC_PalingSerius does not have driver. [D:/Virtex/FPGA/MAC_Serius/MAC_Serius.srcs/sources_1/new/MAC_TOP.v:290]
WARNING: [Synth 8-3848] Net txBuff[94] in module/entity MAC_PalingSerius does not have driver. [D:/Virtex/FPGA/MAC_Serius/MAC_Serius.srcs/sources_1/new/MAC_TOP.v:290]
WARNING: [Synth 8-3848] Net txBuff[95] in module/entity MAC_PalingSerius does not have driver. [D:/Virtex/FPGA/MAC_Serius/MAC_Serius.srcs/sources_1/new/MAC_TOP.v:290]
WARNING: [Synth 8-3848] Net txBuff[97] in module/entity MAC_PalingSerius does not have driver. [D:/Virtex/FPGA/MAC_Serius/MAC_Serius.srcs/sources_1/new/MAC_TOP.v:290]
WARNING: [Synth 8-3848] Net txBuff[98] in module/entity MAC_PalingSerius does not have driver. [D:/Virtex/FPGA/MAC_Serius/MAC_Serius.srcs/sources_1/new/MAC_TOP.v:290]
WARNING: [Synth 8-3848] Net txBuff[99] in module/entity MAC_PalingSerius does not have driver. [D:/Virtex/FPGA/MAC_Serius/MAC_Serius.srcs/sources_1/new/MAC_TOP.v:290]
WARNING: [Synth 8-3848] Net txBuff[101] in module/entity MAC_PalingSerius does not have driver. [D:/Virtex/FPGA/MAC_Serius/MAC_Serius.srcs/sources_1/new/MAC_TOP.v:290]
WARNING: [Synth 8-3848] Net txBuff[102] in module/entity MAC_PalingSerius does not have driver. [D:/Virtex/FPGA/MAC_Serius/MAC_Serius.srcs/sources_1/new/MAC_TOP.v:290]
WARNING: [Synth 8-3848] Net txBuff[103] in module/entity MAC_PalingSerius does not have driver. [D:/Virtex/FPGA/MAC_Serius/MAC_Serius.srcs/sources_1/new/MAC_TOP.v:290]
WARNING: [Synth 8-3848] Net txBuff[105] in module/entity MAC_PalingSerius does not have driver. [D:/Virtex/FPGA/MAC_Serius/MAC_Serius.srcs/sources_1/new/MAC_TOP.v:290]
WARNING: [Synth 8-3848] Net txBuff[106] in module/entity MAC_PalingSerius does not have driver. [D:/Virtex/FPGA/MAC_Serius/MAC_Serius.srcs/sources_1/new/MAC_TOP.v:290]
WARNING: [Synth 8-3848] Net txBuff[107] in module/entity MAC_PalingSerius does not have driver. [D:/Virtex/FPGA/MAC_Serius/MAC_Serius.srcs/sources_1/new/MAC_TOP.v:290]
WARNING: [Synth 8-3848] Net txBuff[109] in module/entity MAC_PalingSerius does not have driver. [D:/Virtex/FPGA/MAC_Serius/MAC_Serius.srcs/sources_1/new/MAC_TOP.v:290]
WARNING: [Synth 8-3848] Net txBuff[110] in module/entity MAC_PalingSerius does not have driver. [D:/Virtex/FPGA/MAC_Serius/MAC_Serius.srcs/sources_1/new/MAC_TOP.v:290]
WARNING: [Synth 8-3848] Net txBuff[111] in module/entity MAC_PalingSerius does not have driver. [D:/Virtex/FPGA/MAC_Serius/MAC_Serius.srcs/sources_1/new/MAC_TOP.v:290]
WARNING: [Synth 8-3848] Net txBuff[113] in module/entity MAC_PalingSerius does not have driver. [D:/Virtex/FPGA/MAC_Serius/MAC_Serius.srcs/sources_1/new/MAC_TOP.v:290]
WARNING: [Synth 8-3848] Net txBuff[114] in module/entity MAC_PalingSerius does not have driver. [D:/Virtex/FPGA/MAC_Serius/MAC_Serius.srcs/sources_1/new/MAC_TOP.v:290]
WARNING: [Synth 8-3848] Net txBuff[115] in module/entity MAC_PalingSerius does not have driver. [D:/Virtex/FPGA/MAC_Serius/MAC_Serius.srcs/sources_1/new/MAC_TOP.v:290]
WARNING: [Synth 8-3848] Net txBuff[117] in module/entity MAC_PalingSerius does not have driver. [D:/Virtex/FPGA/MAC_Serius/MAC_Serius.srcs/sources_1/new/MAC_TOP.v:290]
WARNING: [Synth 8-3848] Net txBuff[118] in module/entity MAC_PalingSerius does not have driver. [D:/Virtex/FPGA/MAC_Serius/MAC_Serius.srcs/sources_1/new/MAC_TOP.v:290]
WARNING: [Synth 8-3848] Net txBuff[119] in module/entity MAC_PalingSerius does not have driver. [D:/Virtex/FPGA/MAC_Serius/MAC_Serius.srcs/sources_1/new/MAC_TOP.v:290]
WARNING: [Synth 8-3848] Net txBuff[121] in module/entity MAC_PalingSerius does not have driver. [D:/Virtex/FPGA/MAC_Serius/MAC_Serius.srcs/sources_1/new/MAC_TOP.v:290]
WARNING: [Synth 8-3848] Net txBuff[122] in module/entity MAC_PalingSerius does not have driver. [D:/Virtex/FPGA/MAC_Serius/MAC_Serius.srcs/sources_1/new/MAC_TOP.v:290]
WARNING: [Synth 8-3848] Net txBuff[123] in module/entity MAC_PalingSerius does not have driver. [D:/Virtex/FPGA/MAC_Serius/MAC_Serius.srcs/sources_1/new/MAC_TOP.v:290]
WARNING: [Synth 8-3848] Net txBuff[125] in module/entity MAC_PalingSerius does not have driver. [D:/Virtex/FPGA/MAC_Serius/MAC_Serius.srcs/sources_1/new/MAC_TOP.v:290]
WARNING: [Synth 8-3848] Net txBuff[126] in module/entity MAC_PalingSerius does not have driver. [D:/Virtex/FPGA/MAC_Serius/MAC_Serius.srcs/sources_1/new/MAC_TOP.v:290]
WARNING: [Synth 8-3848] Net txBuff[127] in module/entity MAC_PalingSerius does not have driver. [D:/Virtex/FPGA/MAC_Serius/MAC_Serius.srcs/sources_1/new/MAC_TOP.v:290]
WARNING: [Synth 8-3848] Net txBuff[129] in module/entity MAC_PalingSerius does not have driver. [D:/Virtex/FPGA/MAC_Serius/MAC_Serius.srcs/sources_1/new/MAC_TOP.v:290]
WARNING: [Synth 8-3848] Net txBuff[130] in module/entity MAC_PalingSerius does not have driver. [D:/Virtex/FPGA/MAC_Serius/MAC_Serius.srcs/sources_1/new/MAC_TOP.v:290]
WARNING: [Synth 8-3848] Net txBuff[131] in module/entity MAC_PalingSerius does not have driver. [D:/Virtex/FPGA/MAC_Serius/MAC_Serius.srcs/sources_1/new/MAC_TOP.v:290]
WARNING: [Synth 8-3848] Net txBuff[133] in module/entity MAC_PalingSerius does not have driver. [D:/Virtex/FPGA/MAC_Serius/MAC_Serius.srcs/sources_1/new/MAC_TOP.v:290]
WARNING: [Synth 8-3848] Net txBuff[134] in module/entity MAC_PalingSerius does not have driver. [D:/Virtex/FPGA/MAC_Serius/MAC_Serius.srcs/sources_1/new/MAC_TOP.v:290]
WARNING: [Synth 8-3848] Net txBuff[135] in module/entity MAC_PalingSerius does not have driver. [D:/Virtex/FPGA/MAC_Serius/MAC_Serius.srcs/sources_1/new/MAC_TOP.v:290]
WARNING: [Synth 8-3848] Net txBuff[137] in module/entity MAC_PalingSerius does not have driver. [D:/Virtex/FPGA/MAC_Serius/MAC_Serius.srcs/sources_1/new/MAC_TOP.v:290]
INFO: [Common 17-14] Message 'Synth 8-3848' appears 100 times and further instances of the messages will be disabled. Use the Tcl command set_msg_config to change the current settings.
INFO: [Synth 8-6155] done synthesizing module 'MAC_PalingSerius' (2#1) [D:/Virtex/FPGA/MAC_Serius/MAC_Serius.srcs/sources_1/new/MAC_TOP.v:5]
WARNING: [Synth 8-3917] design MAC_PalingSerius has port S_AXI_BRESP[1] driven by constant 0
WARNING: [Synth 8-3917] design MAC_PalingSerius has port S_AXI_BRESP[0] driven by constant 0
WARNING: [Synth 8-3917] design MAC_PalingSerius has port S_AXI_RRESP[1] driven by constant 0
WARNING: [Synth 8-3917] design MAC_PalingSerius has port S_AXI_RRESP[0] driven by constant 0
WARNING: [Synth 8-3331] design MAC_PalingSerius has unconnected port rxData[7]
WARNING: [Synth 8-3331] design MAC_PalingSerius has unconnected port rxData[6]
WARNING: [Synth 8-3331] design MAC_PalingSerius has unconnected port rxData[5]
WARNING: [Synth 8-3331] design MAC_PalingSerius has unconnected port rxData[4]
WARNING: [Synth 8-3331] design MAC_PalingSerius has unconnected port rxData[3]
WARNING: [Synth 8-3331] design MAC_PalingSerius has unconnected port rxData[2]
WARNING: [Synth 8-3331] design MAC_PalingSerius has unconnected port rxData[1]
WARNING: [Synth 8-3331] design MAC_PalingSerius has unconnected port rxData[0]
WARNING: [Synth 8-3331] design MAC_PalingSerius has unconnected port rxClock
WARNING: [Synth 8-3331] design MAC_PalingSerius has unconnected port S_AXI_AWPROT[2]
WARNING: [Synth 8-3331] design MAC_PalingSerius has unconnected port S_AXI_AWPROT[1]
WARNING: [Synth 8-3331] design MAC_PalingSerius has unconnected port S_AXI_AWPROT[0]
WARNING: [Synth 8-3331] design MAC_PalingSerius has unconnected port S_AXI_ARPROT[2]
WARNING: [Synth 8-3331] design MAC_PalingSerius has unconnected port S_AXI_ARPROT[1]
WARNING: [Synth 8-3331] design MAC_PalingSerius has unconnected port S_AXI_ARPROT[0]
---------------------------------------------------------------------------------
Finished Synthesize : Time (s): cpu = 00:00:14 ; elapsed = 00:00:14 . Memory (MB): peak = 886.477 ; gain = 552.059
---------------------------------------------------------------------------------
---------------------------------------------------------------------------------
Finished Constraint Validation : Time (s): cpu = 00:00:15 ; elapsed = 00:00:16 . Memory (MB): peak = 886.477 ; gain = 552.059
---------------------------------------------------------------------------------
INFO: [Synth 8-5580] Multithreading enabled for synth_design using a maximum of 2 processes.
---------------------------------------------------------------------------------
Start Loading Part and Timing Information
---------------------------------------------------------------------------------
Loading part: xc7z020clg400-1
---------------------------------------------------------------------------------
Finished Loading Part and Timing Information : Time (s): cpu = 00:00:15 ; elapsed = 00:00:16 . Memory (MB): peak = 886.477 ; gain = 552.059
---------------------------------------------------------------------------------
INFO: [Synth 8-802] inferred FSM for state register 'txState_reg' in module 'MAC_PalingSerius'
---------------------------------------------------------------------------------------------------
                   State |                     New Encoding |                Previous Encoding 
---------------------------------------------------------------------------------------------------
                    idle |                              000 |                              000
                   start |                              001 |                              001
                     crc |                              010 |                              010
                transfer |                              011 |                              011
                  finish |                              100 |                              111
---------------------------------------------------------------------------------------------------
INFO: [Synth 8-3354] encoded FSM with state register 'txState_reg' using encoding 'sequential' in module 'MAC_PalingSerius'
---------------------------------------------------------------------------------
Finished RTL Optimization Phase 2 : Time (s): cpu = 00:00:44 ; elapsed = 00:00:47 . Memory (MB): peak = 988.297 ; gain = 653.879
---------------------------------------------------------------------------------

Report RTL Partitions: 
+------+-------------------------------+------------+----------+
|      |RTL Partition                  |Replication |Instances |
+------+-------------------------------+------------+----------+
|1     |muxpart__1042_MAC_PalingSerius |           1|     32736|
|2     |MAC_PalingSerius__GB1          |           1|      8240|
|3     |MAC_PalingSerius__GB2          |           1|     14976|
|4     |MAC_PalingSerius__GB3          |           1|     18824|
|5     |MAC_PalingSerius__GB4          |           1|     22998|
|6     |MAC_PalingSerius__GB5          |           1|     28982|
|7     |MAC_PalingSerius__GB6          |           1|     29759|
|8     |MAC_PalingSerius__GB7          |           1|     28274|
|9     |MAC_PalingSerius__GB8          |           1|     24251|
|10    |MAC_PalingSerius__GB9          |           1|     17303|
|11    |MAC_PalingSerius__GB10         |           1|     23878|
|12    |MAC_PalingSerius__GB11         |           1|     23735|
+------+-------------------------------+------------+----------+
No constraint files found.
---------------------------------------------------------------------------------
Start RTL Component Statistics 
---------------------------------------------------------------------------------
Detailed RTL Component Info : 
+---Adders : 
	   3 Input     18 Bit       Adders := 1     
	   2 Input     16 Bit       Adders := 2     
+---XORs : 
	   2 Input     16 Bit         XORs := 2     
	   2 Input      8 Bit         XORs := 2     
+---Registers : 
	               32 Bit    Registers := 1027  
	               16 Bit    Registers := 4     
	               12 Bit    Registers := 2     
	                8 Bit    Registers := 390   
	                4 Bit    Registers := 1     
	                1 Bit    Registers := 8     
+---Muxes : 
	   2 Input     32 Bit        Muxes := 1429  
	   5 Input     32 Bit        Muxes := 2     
	   5 Input     16 Bit        Muxes := 2     
	   2 Input     12 Bit        Muxes := 2     
	   2 Input      8 Bit        Muxes := 4110  
	   5 Input      8 Bit        Muxes := 1     
	   5 Input      7 Bit        Muxes := 1     
	   2 Input      4 Bit        Muxes := 1     
	   5 Input      3 Bit        Muxes := 1     
	   2 Input      3 Bit        Muxes := 1     
	   5 Input      1 Bit        Muxes := 8     
	   2 Input      1 Bit        Muxes := 11    
---------------------------------------------------------------------------------
Finished RTL Component Statistics 
---------------------------------------------------------------------------------
---------------------------------------------------------------------------------
Start RTL Hierarchical Component Statistics 
---------------------------------------------------------------------------------
Hierarchical RTL Component report 
Module MAC_PalingSerius 
Detailed RTL Component Info : 
+---Adders : 
	   3 Input     18 Bit       Adders := 1     
	   2 Input     16 Bit       Adders := 2     
+---Registers : 
	               32 Bit    Registers := 1027  
	               16 Bit    Registers := 2     
	               12 Bit    Registers := 2     
	                8 Bit    Registers := 390   
	                4 Bit    Registers := 1     
	                1 Bit    Registers := 8     
+---Muxes : 
	   2 Input     32 Bit        Muxes := 1429  
	   5 Input     32 Bit        Muxes := 2     
	   5 Input     16 Bit        Muxes := 2     
	   2 Input     12 Bit        Muxes := 2     
	   2 Input      8 Bit        Muxes := 4110  
	   5 Input      8 Bit        Muxes := 1     
	   5 Input      7 Bit        Muxes := 1     
	   2 Input      4 Bit        Muxes := 1     
	   5 Input      3 Bit        Muxes := 1     
	   2 Input      3 Bit        Muxes := 1     
	   5 Input      1 Bit        Muxes := 8     
	   2 Input      1 Bit        Muxes := 11    
Module crc16__1 
Detailed RTL Component Info : 
+---XORs : 
	   2 Input     16 Bit         XORs := 1     
	   2 Input      8 Bit         XORs := 1     
+---Registers : 
	               16 Bit    Registers := 1     
Module crc16 
Detailed RTL Component Info : 
+---XORs : 
	   2 Input     16 Bit         XORs := 1     
	   2 Input      8 Bit         XORs := 1     
+---Registers : 
	               16 Bit    Registers := 1     
---------------------------------------------------------------------------------
Finished RTL Hierarchical Component Statistics
---------------------------------------------------------------------------------
---------------------------------------------------------------------------------
Start Part Resource Summary
---------------------------------------------------------------------------------
Part Resources:
DSPs: 220 (col length:60)
BRAMs: 280 (col length: RAMB18 60 RAMB36 30)
---------------------------------------------------------------------------------
Finished Part Resource Summary
---------------------------------------------------------------------------------
No constraint files found.
---------------------------------------------------------------------------------
Start Cross Boundary and Area Optimization
---------------------------------------------------------------------------------
WARNING: [Synth 8-3917] design MAC_PalingSerius has port S_AXI_BRESP[1] driven by constant 0
WARNING: [Synth 8-3917] design MAC_PalingSerius has port S_AXI_BRESP[0] driven by constant 0
WARNING: [Synth 8-3917] design MAC_PalingSerius has port S_AXI_RRESP[1] driven by constant 0
WARNING: [Synth 8-3917] design MAC_PalingSerius has port S_AXI_RRESP[0] driven by constant 0
WARNING: [Synth 8-3331] design MAC_PalingSerius has unconnected port rxData[7]
WARNING: [Synth 8-3331] design MAC_PalingSerius has unconnected port rxData[6]
WARNING: [Synth 8-3331] design MAC_PalingSerius has unconnected port rxData[5]
WARNING: [Synth 8-3331] design MAC_PalingSerius has unconnected port rxData[4]
WARNING: [Synth 8-3331] design MAC_PalingSerius has unconnected port rxData[3]
WARNING: [Synth 8-3331] design MAC_PalingSerius has unconnected port rxData[2]
WARNING: [Synth 8-3331] design MAC_PalingSerius has unconnected port rxData[1]
WARNING: [Synth 8-3331] design MAC_PalingSerius has unconnected port rxData[0]
WARNING: [Synth 8-3331] design MAC_PalingSerius has unconnected port rxClock
WARNING: [Synth 8-3331] design MAC_PalingSerius has unconnected port S_AXI_AWPROT[2]
WARNING: [Synth 8-3331] design MAC_PalingSerius has unconnected port S_AXI_AWPROT[1]
WARNING: [Synth 8-3331] design MAC_PalingSerius has unconnected port S_AXI_AWPROT[0]
WARNING: [Synth 8-3331] design MAC_PalingSerius has unconnected port S_AXI_ARPROT[2]
WARNING: [Synth 8-3331] design MAC_PalingSerius has unconnected port S_AXI_ARPROT[1]
WARNING: [Synth 8-3331] design MAC_PalingSerius has unconnected port S_AXI_ARPROT[0]
INFO: [Synth 8-3886] merging instance 'txBuff_reg[0][0]' (FDE) to 'txBuff_reg[0][7]'
INFO: [Synth 8-3886] merging instance 'txBuff_reg[0][1]' (FDE) to 'txBuff_reg[0][7]'
INFO: [Synth 8-3886] merging instance 'txBuff_reg[0][2]' (FDE) to 'txBuff_reg[0][7]'
INFO: [Synth 8-3886] merging instance 'txBuff_reg[0][3]' (FDE) to 'txBuff_reg[0][7]'
INFO: [Synth 8-3886] merging instance 'txBuff_reg[0][4]' (FDE) to 'txBuff_reg[0][7]'
INFO: [Synth 8-3886] merging instance 'txBuff_reg[0][5]' (FDE) to 'txBuff_reg[0][7]'
INFO: [Synth 8-3886] merging instance 'txBuff_reg[0][6]' (FDE) to 'txBuff_reg[0][7]'
INFO: [Synth 8-3333] propagating constant 1 across sequential element (\txBuff_reg[0][7] )
---------------------------------------------------------------------------------
Finished Cross Boundary and Area Optimization : Time (s): cpu = 00:01:24 ; elapsed = 00:01:29 . Memory (MB): peak = 1022.629 ; gain = 688.211
---------------------------------------------------------------------------------
---------------------------------------------------------------------------------
Start ROM, RAM, DSP and Shift Register Reporting
---------------------------------------------------------------------------------

ROM:
+------------+------------+---------------+----------------+
|Module Name | RTL Object | Depth x Width | Implemented As | 
+------------+------------+---------------+----------------+
|crc16       | p_0_out    | 256x11        | LUT            | 
+------------+------------+---------------+----------------+

---------------------------------------------------------------------------------
Finished ROM, RAM, DSP and Shift Register Reporting
---------------------------------------------------------------------------------

Report RTL Partitions: 
+------+-------------------------------+------------+----------+
|      |RTL Partition                  |Replication |Instances |
+------+-------------------------------+------------+----------+
|1     |muxpart__1042_MAC_PalingSerius |           1|     32736|
|2     |MAC_PalingSerius__GB1          |           1|     10896|
|3     |MAC_PalingSerius__GB2          |           1|     13192|
|4     |MAC_PalingSerius__GB3          |           1|     13766|
|5     |MAC_PalingSerius__GB4          |           1|     20123|
|6     |MAC_PalingSerius__GB5          |           1|     24758|
|7     |MAC_PalingSerius__GB6          |           1|      8633|
|8     |MAC_PalingSerius__GB7          |           1|     28104|
|9     |MAC_PalingSerius__GB8          |           1|      3668|
|10    |MAC_PalingSerius__GB9          |           1|       319|
|11    |MAC_PalingSerius__GB10         |           1|       394|
|12    |MAC_PalingSerius__GB11         |           1|      1021|
+------+-------------------------------+------------+----------+
No constraint files found.
---------------------------------------------------------------------------------
Start Timing Optimization
---------------------------------------------------------------------------------
---------------------------------------------------------------------------------
Finished Timing Optimization : Time (s): cpu = 00:01:27 ; elapsed = 00:01:32 . Memory (MB): peak = 1022.629 ; gain = 688.211
---------------------------------------------------------------------------------

Report RTL Partitions: 
+------+-------------------------------+------------+----------+
|      |RTL Partition                  |Replication |Instances |
+------+-------------------------------+------------+----------+
|1     |muxpart__1042_MAC_PalingSerius |           1|     32736|
|2     |MAC_PalingSerius__GB1          |           1|      6192|
|3     |MAC_PalingSerius__GB2          |           1|      5744|
|4     |MAC_PalingSerius__GB3          |           1|      6820|
|5     |MAC_PalingSerius__GB4          |           1|      8811|
|6     |MAC_PalingSerius__GB5          |           1|     10814|
|7     |MAC_PalingSerius__GB6          |           1|      5812|
|8     |MAC_PalingSerius__GB7          |           1|     15612|
|9     |MAC_PalingSerius__GB8          |           1|      3668|
|10    |MAC_PalingSerius__GB9          |           1|       319|
|11    |MAC_PalingSerius__GB10         |           1|       394|
|12    |MAC_PalingSerius__GB11         |           1|      1021|
+------+-------------------------------+------------+----------+
---------------------------------------------------------------------------------
Start Technology Mapping
---------------------------------------------------------------------------------
---------------------------------------------------------------------------------
Finished Technology Mapping : Time (s): cpu = 00:01:34 ; elapsed = 00:01:39 . Memory (MB): peak = 1022.629 ; gain = 688.211
---------------------------------------------------------------------------------

Report RTL Partitions: 
+------+-------------------------------+------------+----------+
|      |RTL Partition                  |Replication |Instances |
+------+-------------------------------+------------+----------+
|1     |muxpart__1042_MAC_PalingSerius |           1|     15264|
|2     |MAC_PalingSerius__GB1          |           1|      3088|
|3     |MAC_PalingSerius__GB2          |           1|      4765|
|4     |MAC_PalingSerius__GB3          |           1|      5772|
|5     |MAC_PalingSerius__GB4          |           1|      7376|
|6     |MAC_PalingSerius__GB5          |           1|      9268|
|7     |MAC_PalingSerius__GB6          |           1|      4918|
|8     |MAC_PalingSerius__GB7          |           1|      5989|
|9     |MAC_PalingSerius__GB8          |           1|      2633|
|10    |MAC_PalingSerius__GB9          |           1|       211|
|11    |MAC_PalingSerius__GB10         |           1|       280|
|12    |MAC_PalingSerius__GB11         |           1|       332|
+------+-------------------------------+------------+----------+
---------------------------------------------------------------------------------
Start IO Insertion
---------------------------------------------------------------------------------
---------------------------------------------------------------------------------
Start Flattening Before IO Insertion
---------------------------------------------------------------------------------
---------------------------------------------------------------------------------
Finished Flattening Before IO Insertion
---------------------------------------------------------------------------------
---------------------------------------------------------------------------------
Start Final Netlist Cleanup
---------------------------------------------------------------------------------
---------------------------------------------------------------------------------
Finished Final Netlist Cleanup
---------------------------------------------------------------------------------
---------------------------------------------------------------------------------
Finished IO Insertion : Time (s): cpu = 00:01:43 ; elapsed = 00:01:48 . Memory (MB): peak = 1022.629 ; gain = 688.211
---------------------------------------------------------------------------------

Report Check Netlist: 
+------+------------------+-------+---------+-------+------------------+
|      |Item              |Errors |Warnings |Status |Description       |
+------+------------------+-------+---------+-------+------------------+
|1     |multi_driven_nets |      0|        0|Passed |Multi driven nets |
+------+------------------+-------+---------+-------+------------------+
---------------------------------------------------------------------------------
Start Renaming Generated Instances
---------------------------------------------------------------------------------
---------------------------------------------------------------------------------
Finished Renaming Generated Instances : Time (s): cpu = 00:01:43 ; elapsed = 00:01:48 . Memory (MB): peak = 1022.629 ; gain = 688.211
---------------------------------------------------------------------------------

Report RTL Partitions: 
+-+--------------+------------+----------+
| |RTL Partition |Replication |Instances |
+-+--------------+------------+----------+
+-+--------------+------------+----------+
---------------------------------------------------------------------------------
Start Rebuilding User Hierarchy
---------------------------------------------------------------------------------
---------------------------------------------------------------------------------
Finished Rebuilding User Hierarchy : Time (s): cpu = 00:01:43 ; elapsed = 00:01:49 . Memory (MB): peak = 1022.629 ; gain = 688.211
---------------------------------------------------------------------------------
---------------------------------------------------------------------------------
Start Renaming Generated Ports
---------------------------------------------------------------------------------
---------------------------------------------------------------------------------
Finished Renaming Generated Ports : Time (s): cpu = 00:01:44 ; elapsed = 00:01:49 . Memory (MB): peak = 1022.629 ; gain = 688.211
---------------------------------------------------------------------------------
---------------------------------------------------------------------------------
Start Handling Custom Attributes
---------------------------------------------------------------------------------
---------------------------------------------------------------------------------
Finished Handling Custom Attributes : Time (s): cpu = 00:01:44 ; elapsed = 00:01:49 . Memory (MB): peak = 1022.629 ; gain = 688.211
---------------------------------------------------------------------------------
---------------------------------------------------------------------------------
Start Renaming Generated Nets
---------------------------------------------------------------------------------
---------------------------------------------------------------------------------
Finished Renaming Generated Nets : Time (s): cpu = 00:01:44 ; elapsed = 00:01:49 . Memory (MB): peak = 1022.629 ; gain = 688.211
---------------------------------------------------------------------------------
---------------------------------------------------------------------------------
Start Writing Synthesis Report
---------------------------------------------------------------------------------

Report BlackBoxes: 
+-+--------------+----------+
| |BlackBox name |Instances |
+-+--------------+----------+
+-+--------------+----------+

Report Cell Usage: 
+------+-------+------+
|      |Cell   |Count |
+------+-------+------+
|1     |BUFG   |     2|
|2     |CARRY4 |    19|
|3     |LUT1   |     4|
|4     |LUT2   |   850|
|5     |LUT3   |  3166|
|6     |LUT4   |   458|
|7     |LUT5   |  2275|
|8     |LUT6   |  9569|
|9     |MUXF7  |  5168|
|10    |MUXF8  |  2584|
|11    |FDRE   | 36100|
|12    |IBUF   |    64|
|13    |OBUF   |    49|
+------+-------+------+

Report Instance Areas: 
+------+---------+-------+------+
|      |Instance |Module |Cells |
+------+---------+-------+------+
|1     |top      |       | 60308|
+------+---------+-------+------+
---------------------------------------------------------------------------------
Finished Writing Synthesis Report : Time (s): cpu = 00:01:44 ; elapsed = 00:01:49 . Memory (MB): peak = 1022.629 ; gain = 688.211
---------------------------------------------------------------------------------
Synthesis finished with 0 errors, 0 critical warnings and 1614 warnings.
Synthesis Optimization Runtime : Time (s): cpu = 00:01:44 ; elapsed = 00:01:50 . Memory (MB): peak = 1022.629 ; gain = 688.211
Synthesis Optimization Complete : Time (s): cpu = 00:01:44 ; elapsed = 00:01:50 . Memory (MB): peak = 1022.629 ; gain = 688.211
INFO: [Project 1-571] Translating synthesized netlist
INFO: [Netlist 29-17] Analyzing 7771 Unisim elements for replacement
INFO: [Netlist 29-28] Unisim Transformation completed in 0 CPU seconds
WARNING: [Netlist 29-101] Netlist 'MAC_PalingSerius' is not ideal for floorplanning, since the cellview 'MAC_PalingSerius' contains a large number of primitives.  Please consider enabling hierarchy in synthesis if you want to do floorplanning.
INFO: [Project 1-570] Preparing netlist for logic optimization
INFO: [Opt 31-138] Pushed 0 inverter(s) to 0 load pin(s).
Netlist sorting complete. Time (s): cpu = 00:00:00 ; elapsed = 00:00:00.011 . Memory (MB): peak = 1084.336 ; gain = 0.000
INFO: [Project 1-111] Unisim Transformation Summary:
No Unisim elements were transformed.

INFO: [Common 17-83] Releasing license: Synthesis
32 Infos, 143 Warnings, 0 Critical Warnings and 0 Errors encountered.
synth_design completed successfully
synth_design: Time (s): cpu = 00:01:54 ; elapsed = 00:02:01 . Memory (MB): peak = 1084.336 ; gain = 756.887
Netlist sorting complete. Time (s): cpu = 00:00:00 ; elapsed = 00:00:00.013 . Memory (MB): peak = 1084.336 ; gain = 0.000
WARNING: [Constraints 18-5210] No constraints selected for write.
Resolution: This message can indicate that there are no constraints for the design, or it can indicate that the used_in flags are set such that the constraints are ignored. This later case is used when running synth_design to not write synthesis constraints to the resulting checkpoint. Instead, project constraints are read when the synthesized design is opened.
INFO: [Common 17-1381] The checkpoint 'D:/Virtex/FPGA/MAC_Serius/MAC_Serius.runs/synth_1/MAC_PalingSerius.dcp' has been generated.
write_checkpoint: Time (s): cpu = 00:00:07 ; elapsed = 00:00:06 . Memory (MB): peak = 1084.336 ; gain = 0.000
INFO: [runtcl-4] Executing : report_utilization -file MAC_PalingSerius_utilization_synth.rpt -pb MAC_PalingSerius_utilization_synth.pb
INFO: [Common 17-206] Exiting Vivado at Tue Sep 24 16:01:19 2019...
